<?xml version="1.0" encoding="UTF-8"?>
<!-- Generated by org.testng.reporters.JUnitXMLReporter -->
<testsuite ignored="0" hostname="NB-11920-kethy-leal" failures="0" tests="2" name="Surefire test" time="46.024" errors="0" timestamp="2022-03-16T10:36:06 BRT">
  <testcase classname="io.cucumber.testng.AbstractTestNGCucumberTests" name="runScenario" time="22.237"/>
  <testcase classname="io.cucumber.testng.AbstractTestNGCucumberTests" name="runScenario" time="23.37"/>
</testsuite> <!-- Surefire test -->
