<?xml version="1.0" encoding="UTF-8"?>
<!-- Generated by org.testng.reporters.JUnitXMLReporter -->
<testsuite ignored="0" hostname="NB-11920-kethy-leal" failures="0" tests="2" name="Surefire test" time="40.856" errors="0" timestamp="2022-03-17T10:22:24 BRT">
  <testcase classname="io.cucumber.testng.AbstractTestNGCucumberTests" name="runScenario" time="21.503"/>
  <testcase classname="io.cucumber.testng.AbstractTestNGCucumberTests" name="runScenario" time="18.874"/>
</testsuite> <!-- Surefire test -->
