<?xml version="1.0" encoding="UTF-8"?>
<testng-results ignored="0" total="1" passed="1" failed="0" skipped="0">
  <reporter-output>
  </reporter-output>
  <suite started-at="2022-03-16T21:23:37 BRT" name="Surefire suite" finished-at="2022-03-16T21:23:56 BRT" duration-ms="18838">
    <groups>
      <group name="cucumber">
        <method signature="AbstractTestNGCucumberTests.runScenario(io.cucumber.testng.PickleWrapper,io.cucumber.testng.FeatureWrapper)[pri:0, instance:executa.ExecutarIT@7e7be63f]" name="runScenario" class="io.cucumber.testng.AbstractTestNGCucumberTests"/>
      </group> <!-- cucumber -->
    </groups>
    <test started-at="2022-03-16T21:23:37 BRT" name="Surefire test" finished-at="2022-03-16T21:23:56 BRT" duration-ms="18838">
      <class name="executa.ExecutarIT">
        <test-method is-config="true" signature="setUpClass(org.testng.ITestContext)[pri:0, instance:executa.ExecutarIT@7e7be63f]" started-at="2022-03-16T21:23:37 BRT" name="setUpClass" finished-at="2022-03-16T21:23:37 BRT" duration-ms="361" status="PASS">
          <params>
            <param index="0">
              <value>
                <![CDATA[org.testng.TestRunner@2121d1f9]]>
              </value>
            </param>
          </params>
          <reporter-output>
          </reporter-output>
        </test-method> <!-- setUpClass -->
        <test-method signature="runScenario(io.cucumber.testng.PickleWrapper,io.cucumber.testng.FeatureWrapper)[pri:0, instance:executa.ExecutarIT@7e7be63f]" started-at="2022-03-16T21:23:37 BRT" name="runScenario" description="Runs Cucumber Scenarios" data-provider="scenarios" finished-at="2022-03-16T21:23:56 BRT" duration-ms="18419" status="PASS">
          <params>
            <param index="0">
              <value>
                <![CDATA["Logar com o usuario"]]>
              </value>
            </param>
            <param index="1">
              <value>
                <![CDATA["Optional[Login de cadastro]"]]>
              </value>
            </param>
          </params>
          <reporter-output>
          </reporter-output>
        </test-method> <!-- runScenario -->
        <test-method is-config="true" signature="tearDownClass()[pri:0, instance:executa.ExecutarIT@7e7be63f]" started-at="2022-03-16T21:23:56 BRT" name="tearDownClass" finished-at="2022-03-16T21:23:56 BRT" duration-ms="26" status="PASS">
          <reporter-output>
          </reporter-output>
        </test-method> <!-- tearDownClass -->
      </class> <!-- executa.ExecutarIT -->
    </test> <!-- Surefire test -->
  </suite> <!-- Surefire suite -->
</testng-results>
