<?xml version="1.0" encoding="UTF-8"?>
<testng-results ignored="0" total="2" passed="2" failed="0" skipped="0">
  <reporter-output>
  </reporter-output>
  <suite started-at="2022-03-17T10:21:43 BRT" name="Surefire suite" finished-at="2022-03-17T10:22:24 BRT" duration-ms="40856">
    <groups>
      <group name="cucumber">
        <method signature="AbstractTestNGCucumberTests.runScenario(io.cucumber.testng.PickleWrapper,io.cucumber.testng.FeatureWrapper)[pri:0, instance:executa.ExecutarIT@2f217633]" name="runScenario" class="io.cucumber.testng.AbstractTestNGCucumberTests"/>
      </group> <!-- cucumber -->
    </groups>
    <test started-at="2022-03-17T10:21:43 BRT" name="Surefire test" finished-at="2022-03-17T10:22:24 BRT" duration-ms="40856">
      <class name="executa.ExecutarIT">
        <test-method is-config="true" signature="setUpClass(org.testng.ITestContext)[pri:0, instance:executa.ExecutarIT@2f217633]" started-at="2022-03-17T10:21:43 BRT" name="setUpClass" finished-at="2022-03-17T10:21:43 BRT" duration-ms="403" status="PASS">
          <params>
            <param index="0">
              <value>
                <![CDATA[org.testng.TestRunner@30c3ae63]]>
              </value>
            </param>
          </params>
          <reporter-output>
          </reporter-output>
        </test-method> <!-- setUpClass -->
        <test-method signature="runScenario(io.cucumber.testng.PickleWrapper,io.cucumber.testng.FeatureWrapper)[pri:0, instance:executa.ExecutarIT@2f217633]" started-at="2022-03-17T10:21:43 BRT" name="runScenario" description="Runs Cucumber Scenarios" data-provider="scenarios" finished-at="2022-03-17T10:22:05 BRT" duration-ms="21503" status="PASS">
          <params>
            <param index="0">
              <value>
                <![CDATA["Cadastrar um usuario"]]>
              </value>
            </param>
            <param index="1">
              <value>
                <![CDATA["Optional[Cadastro de Usuario]"]]>
              </value>
            </param>
          </params>
          <reporter-output>
          </reporter-output>
        </test-method> <!-- runScenario -->
        <test-method signature="runScenario(io.cucumber.testng.PickleWrapper,io.cucumber.testng.FeatureWrapper)[pri:0, instance:executa.ExecutarIT@2f217633]" started-at="2022-03-17T10:22:05 BRT" name="runScenario" description="Runs Cucumber Scenarios" data-provider="scenarios" finished-at="2022-03-17T10:22:24 BRT" duration-ms="18874" status="PASS">
          <params>
            <param index="0">
              <value>
                <![CDATA["Logar com o usuario"]]>
              </value>
            </param>
            <param index="1">
              <value>
                <![CDATA["Optional[Login de cadastro]"]]>
              </value>
            </param>
          </params>
          <reporter-output>
          </reporter-output>
        </test-method> <!-- runScenario -->
        <test-method is-config="true" signature="tearDownClass()[pri:0, instance:executa.ExecutarIT@2f217633]" started-at="2022-03-17T10:22:24 BRT" name="tearDownClass" finished-at="2022-03-17T10:22:24 BRT" duration-ms="38" status="PASS">
          <reporter-output>
          </reporter-output>
        </test-method> <!-- tearDownClass -->
      </class> <!-- executa.ExecutarIT -->
    </test> <!-- Surefire test -->
  </suite> <!-- Surefire suite -->
</testng-results>
