<?xml version="1.0" encoding="UTF-8"?>
<testsuite xmlns:xsi="http://www.w3.org/2001/XMLSchema-instance" xsi:noNamespaceSchemaLocation="https://maven.apache.org/surefire/maven-failsafe-plugin/xsd/failsafe-test-report-3.0.xsd" version="3.0" name="executa.ExecutarIT" time="41.254" tests="2" errors="0" skipped="0" failures="0">
  <properties>
[...]
</properties>
  <testcase name="runScenario[&quot;Cadastrar um usuario&quot;, &quot;Optional[Cadastro de Usuario]&quot;](1)" classname="executa.ExecutarIT" time="21.508">
    <system-out><![CDATA[
@Executa
Cenario: Cadastrar um usuario                                 # src/test/resources/features/01_Cadastro.feature:8
  Dado que eu acesse o site "https://www.ziliongames.com.br/" # testes.Steps.que_eu_acesse_o_site(java.lang.String)
  Quando clico em cadastro                                    # testes.Steps.clico_em_cadastro()
  E insiro dados para cadastro                                # testes.Steps.insiro_dados_para_cadastro()
  Entao finalizo o teste                                      # testes.Steps.finalizo_o_teste()
]]></system-out>
    <system-err><![CDATA[SLF4J: Failed to load class "org.slf4j.impl.StaticLoggerBinder".
SLF4J: Defaulting to no-operation (NOP) logger implementation
SLF4J: See http://www.slf4j.org/codes.html#StaticLoggerBinder for further details.
1647523304363	geckodriver	INFO	Listening on 127.0.0.1:61086
1647523304606	mozrunner::runner	INFO	Running command: "C:\\Program Files\\Mozilla Firefox\\firefox.exe" "--marionette" "--remote-debugging-port" "54302" "-no-remote" "-profile" "C:\\Users\\Netbiis\\AppData\\Local\\Temp\\rust_mozprofilewBpNfa"
1647523304936	Marionette	INFO	Marionette enabled
console.warn: SearchSettings: "get: No settings file exists, new profile?" (new NotFoundError("Could not open the file at C:\\Users\\Netbiis\\AppData\\Local\\Temp\\rust_mozprofilewBpNfa\\search.json.mozlz4", (void 0)))
DevTools listening on ws://localhost:54302/devtools/browser/aa4c9e20-d61f-4ddb-81cf-ac5f57c9cf15
1647523308374	Marionette	INFO	Listening on port 59717
1647523308797	RemoteAgent	WARN	TLS certificate errors will be ignored for this session
mar. 17, 2022 10:21:48 AM org.openqa.selenium.remote.ProtocolHandshake createSession
INFO: Detected dialect: W3C
console.warn: LoginRecipes: "getRecipes: falling back to a synchronous message for:" "https://www.ziliongames.com.br"
console.warn: LoginRecipes: "getRecipes: falling back to a synchronous message for:" "https://www.ziliongames.com.br"
JavaScript error: resource://gre/modules/LoginMaconnasgoelre.Pwaraerntn:.j sLmo,g ilniRneec i1p3e6s::  T"ygpeetErRrecori:pe sg:R feaclilpienMga nbaagcekr  itos  anu lslync
hrJoanvoauSsc rmipests aegrer ofro:r :"re s"ohuttrpces::////wgrwew/.zmioldiuolnes/gLaogmiens.Macnom.abgre"r
Parent.jsm, line 136: TypeError: gRecipeManager is null
1647523323169	Marionette	INFO	Stopped listening on port 59717
]]></system-err>
  </testcase>
  <testcase name="runScenario[&quot;Logar com o usuario&quot;, &quot;Optional[Login de cadastro]&quot;](2)" classname="executa.ExecutarIT" time="18.87">
    <system-out><![CDATA[
@Executa
Cenario: Logar com o usuario                                  # src/test/resources/features/02_Login.feature:8
  Dado que eu acesse o site "https://www.ziliongames.com.br/" # testes.Steps.que_eu_acesse_o_site(java.lang.String)
  Quando clico em login                                       # testes.Steps.clico_em_login()
  E dados para login                                          # testes.Steps.dados_para_login()
  Entao finalizo o teste                                      # testes.Steps.finalizo_o_teste()
]]></system-out>
    <system-err><![CDATA[1647523325264	geckodriver	INFO	Listening on 127.0.0.1:56280
1647523325287	mozrunner::runner	INFO	Running command: "C:\\Program Files\\Mozilla Firefox\\firefox.exe" "--marionette" "--remote-debugging-port" "52269" "-no-remote" "-profile" "C:\\Users\\Netbiis\\AppData\\Local\\Temp\\rust_mozprofilenYA1cT"
1647523325587	Marionette	INFO	Marionette enabled
console.warn: SearchSettings: "get: No settings file exists, new profile?" (new NotFoundError("Could not open the file at C:\\Users\\Netbiis\\AppData\\Local\\Temp\\rust_mozprofilenYA1cT\\search.json.mozlz4", (void 0)))
DevTools listening on ws://localhost:52269/devtools/browser/a26d2222-4a3f-410c-b02b-1e5e9a37bdb2
1647523329260	Marionette	INFO	Listening on port 59843
1647523329550	RemoteAgent	WARN	TLS certificate errors will be ignored for this session
mar. 17, 2022 10:22:09 AM org.openqa.selenium.remote.ProtocolHandshake createSession
INFO: Detected dialect: W3C
console.warn: LoginRecipes: "getRecipes: falling back to a synchronous message for:" "https://www.ziliongames.com.br"
console.warn: LoginRecipes: "getRecipes: falling back to a synchronous message for:" "https://www.ziliongames.com.br"
JavaScript error: resource://gre/modules/LoginManagerParent.jsm, line 136: TypeError: gRecipeManager is null
console.warn: LoginRecipesJa: v"agScertiRpetc iepersror: res:o ufrallcei:n/g/ gbraec/km otduol eas /sLynocghirnoMnanoaugser Pmaesrsenagt.ej fsomr,: "l i"nhet t1p3s6::/ T/ywpwewE.zrriolri:o nggRameceisp.ecMoamn.abgre"r
 is null
console.warn: LoginRecipeJsa:v a"SgceritptR eecrriopre:s r:e sofuarcle:l//girne/gmo dubleasc/kL otgoi naM ansaygnercPharreonnto.juss mm,e slsiange e1 36f: oTry:p"eE r"hrtotrp: sg:R/e/cwiwpwe.Mzainlaigoenrg aimess .ncuolml.
br"
console.warn: LoginRecipes: "getRecipes: falling back to a synchronoJuasv amSecsrsiapgte  efrorro:r":  r"ehsttpos:/u/rwcwew:./zi/lgiroen/gammodeusl.ecso/Lmo.gibnrMa"na
gerParent.jsm, line 136: TypeError: gRecipeManager is null
console.warn: LoginRecipes: "getRecipes: falling back to a synchronous message for:" "https://www.ziliJoanvgaameSsc.rciopmt. berr"r
or: resource://gre/modules/LoginManagerParent.jsm, line 136: TypeError: gRecipeManager is null
1647523342004	Marionette	INFO	Stopped listening on port 59843

###!!! [Parent][PContentParent] Error: Send(msgname=PContent::Msg_DestroyBrowsingContextGroup) Closed channel: cannot send/recv


###!!! [Parent][PContentParent] Error: Send(msgname=PContent::Reply_DiscardBrowsingContext) Closed channel: cannot send/recv

[Parent 17580, IPC I/O Parent] WARNING: file /builds/worker/checkouts/gecko/ipc/chromium/src/base/process_util_win.cc:167
]]></system-err>
  </testcase>
</testsuite>